2025-02-24 00:12:46,704 ERROR frappe New Exception collected in error log
Site: library.localhost
Form Dict: {'doc': '{"name":"Library Membership","owner":"Administrator","creation":"2025-02-23 23:31:29.233582","modified":"2025-02-23 23:31:29.233582","modified_by":"Administrator","docstatus":0,"idx":0,"read_only":0,"in_create":0,"naming_rule":"Expression (old style)","allow_rename":1,"module":"Library Management","is_submittable":1,"istable":0,"issingle":0,"is_tree":0,"is_calendar_and_gantt":0,"editable_grid":0,"quick_entry":0,"track_changes":0,"track_seen":0,"track_views":0,"custom":0,"beta":0,"is_virtual":0,"queue_in_background":0,"max_attachments":0,"hide_toolbar":0,"allow_copy":0,"allow_import":0,"allow_events_in_timeline":0,"allow_auto_repeat":0,"make_attachments_public":0,"show_title_field_in_link":1,"translated_doctype":0,"sort_field":"creation","sort_order":"DESC","force_re_route_to_default_view":0,"document_type":"","show_preview_popup":0,"show_name_in_global_search":0,"email_append_to":0,"has_web_view":0,"allow_guest_to_view":0,"index_web_pages_for_search":1,"engine":"InnoDB","doctype":"DocType","states":[],"permissions":[{"name":"4jc6d0s7dc","owner":"Administrator","creation":"2025-02-23 23:31:29.233582","modified":"2025-02-23 23:31:29.233582","modified_by":"Administrator","docstatus":0,"idx":1,"role":"System Manager","if_owner":0,"permlevel":0,"select":0,"read":1,"write":1,"create":1,"delete":1,"submit":0,"cancel":0,"amend":0,"report":1,"export":1,"import":0,"share":1,"print":1,"email":1,"parent":"Library Membership","parentfield":"permissions","parenttype":"DocType","doctype":"DocPerm"},{"docstatus":0,"doctype":"DocPerm","name":"new-docperm-heqinvrnyv","__islocal":1,"__unsaved":1,"owner":"Administrator","if_owner":0,"permlevel":0,"select":0,"read":1,"write":1,"create":1,"delete":1,"submit":0,"cancel":0,"amend":0,"report":1,"export":1,"import":0,"share":1,"print":1,"email":1,"parent":"Library Membership","parentfield":"permissions","parenttype":"DocType","idx":2,"__unedited":false,"role":"Library Member"},{"docstatus":0,"doctype":"DocPerm","name":"new-docperm-ljnuvjkmon","__islocal":1,"__unsaved":1,"owner":"Administrator","if_owner":0,"permlevel":0,"select":0,"read":1,"write":1,"create":1,"delete":1,"submit":0,"cancel":0,"amend":0,"report":1,"export":1,"import":0,"share":1,"print":1,"email":1,"parent":"Library Membership","parentfield":"permissions","parenttype":"DocType","idx":3,"__unedited":false,"role":"Labrian"}],"fields":[{"docstatus":0,"doctype":"DocField","name":"new-docfield-fapkfereoa","__islocal":1,"__unsaved":1,"owner":"Administrator","fieldtype":"Link","precision":"","non_negative":0,"hide_days":0,"hide_seconds":0,"reqd":1,"is_virtual":0,"search_index":0,"not_nullable":0,"sort_options":0,"show_dashboard":0,"fetch_if_empty":0,"hidden":0,"show_on_timeline":0,"bold":0,"allow_in_quick_entry":0,"translatable":0,"print_hide":0,"print_hide_if_no_value":0,"report_hide":0,"collapsible":0,"hide_border":0,"in_list_view":0,"in_standard_filter":0,"in_preview":0,"sticky":0,"in_filter":0,"in_global_search":0,"read_only":0,"allow_on_submit":0,"ignore_user_permissions":0,"allow_bulk_edit":0,"make_attachment_public":0,"permlevel":0,"ignore_xss_filter":0,"unique":0,"no_copy":0,"set_only_once":0,"remember_last_selected_value":0,"parent":"Library Membership","parentfield":"fields","parenttype":"DocType","idx":1,"__unedited":false,"label":"Library Member","options":"Library Member"},{"docstatus":0,"doctype":"DocField","name":"new-docfield-nijcwlonjx","__islocal":1,"__unsaved":1,"owner":"Administrator","fieldtype":"Data","precision":"","non_negative":0,"hide_days":0,"hide_seconds":0,"reqd":0,"is_virtual":0,"search_index":0,"not_nullable":0,"sort_options":0,"show_dashboard":0,"fetch_if_empty":0,"hidden":0,"show_on_timeline":0,"bold":0,"allow_in_quick_entry":0,"translatable":0,"print_hide":0,"print_hide_if_no_value":0,"report_hide":0,"collapsible":0,"hide_border":0,"in_list_view":0,"in_standard_filter":0,"in_preview":0,"sticky":0,"in_filter":0,"in_global_search":0,"read_only":1,"allow_on_submit":0,"ignore_user_permissions":0,"allow_bulk_edit":0,"make_attachment_public":0,"permlevel":0,"ignore_xss_filter":0,"unique":0,"no_copy":0,"set_only_once":0,"remember_last_selected_value":0,"parent":"Library Membership","parentfield":"fields","parenttype":"DocType","idx":2,"__unedited":false,"label":"Full Name","__checked":0,"fieldname":"","link_filters":"","default":"\\n","fetch_from":""},{"docstatus":0,"doctype":"DocField","name":"new-docfield-ehwxnmketw","__islocal":1,"__unsaved":1,"owner":"Administrator","fieldtype":"Date","precision":"","non_negative":0,"hide_days":0,"hide_seconds":0,"reqd":0,"is_virtual":0,"search_index":0,"not_nullable":0,"sort_options":0,"show_dashboard":0,"fetch_if_empty":0,"hidden":0,"show_on_timeline":0,"bold":0,"allow_in_quick_entry":0,"translatable":0,"print_hide":0,"print_hide_if_no_value":0,"report_hide":0,"collapsible":0,"hide_border":0,"in_list_view":0,"in_standard_filter":0,"in_preview":0,"sticky":0,"in_filter":0,"in_global_search":0,"read_only":0,"allow_on_submit":0,"ignore_user_permissions":0,"allow_bulk_edit":0,"make_attachment_public":0,"permlevel":0,"ignore_xss_filter":0,"unique":0,"no_copy":0,"set_only_once":0,"remember_last_selected_value":0,"parent":"Library Membership","parentfield":"fields","parenttype":"DocType","idx":3,"__unedited":false,"label":"From Date"},{"docstatus":0,"doctype":"DocField","name":"new-docfield-vwsmkmzbvp","__islocal":1,"__unsaved":1,"owner":"Administrator","fieldtype":"Date","precision":"","non_negative":0,"hide_days":0,"hide_seconds":0,"reqd":0,"is_virtual":0,"search_index":0,"not_nullable":0,"sort_options":0,"show_dashboard":0,"fetch_if_empty":0,"hidden":0,"show_on_timeline":0,"bold":0,"allow_in_quick_entry":0,"translatable":0,"print_hide":0,"print_hide_if_no_value":0,"report_hide":0,"collapsible":0,"hide_border":0,"in_list_view":0,"in_standard_filter":0,"in_preview":0,"sticky":0,"in_filter":0,"in_global_search":0,"read_only":0,"allow_on_submit":0,"ignore_user_permissions":0,"allow_bulk_edit":0,"make_attachment_public":0,"permlevel":0,"ignore_xss_filter":0,"unique":0,"no_copy":0,"set_only_once":0,"remember_last_selected_value":0,"parent":"Library Membership","parentfield":"fields","parenttype":"DocType","idx":4,"__unedited":false,"label":"To Date"},{"docstatus":0,"doctype":"DocField","name":"new-docfield-nrerwwaszd","__islocal":1,"__unsaved":1,"owner":"Administrator","fieldtype":"Check","precision":"","non_negative":0,"hide_days":0,"hide_seconds":0,"reqd":0,"is_virtual":0,"search_index":0,"not_nullable":0,"sort_options":0,"show_dashboard":0,"fetch_if_empty":0,"hidden":0,"show_on_timeline":0,"bold":0,"allow_in_quick_entry":0,"translatable":0,"print_hide":0,"print_hide_if_no_value":0,"report_hide":0,"collapsible":0,"hide_border":0,"in_list_view":0,"in_standard_filter":0,"in_preview":0,"sticky":0,"in_filter":0,"in_global_search":0,"read_only":0,"allow_on_submit":0,"ignore_user_permissions":0,"allow_bulk_edit":0,"make_attachment_public":0,"permlevel":0,"ignore_xss_filter":0,"unique":0,"no_copy":0,"set_only_once":0,"remember_last_selected_value":0,"parent":"Library Membership","parentfield":"fields","parenttype":"DocType","idx":5,"__unedited":false,"label":"Paid"}],"actions":[],"links":[{"docstatus":0,"doctype":"DocType Link","name":"new-doctype-link-mqxmrezhsd","__islocal":1,"__unsaved":1,"owner":"Administrator","hidden":0,"is_child_table":0,"custom":0,"parent":"Library Membership","parentfield":"links","parenttype":"DocType","idx":1,"__unedited":false,"link_doctype":"Library Member","link_fieldname":"library_member.full_name"}],"__unsaved":1,"autoname":"LMS.#####","search_fields":"full_name","title_field":"full_name"}', 'action': 'Save', 'cmd': 'frappe.desk.form.save.savedocs'}
2025-02-24 00:13:00,721 ERROR frappe New Exception collected in error log
Site: library.localhost
Form Dict: {'doc': '{"name":"Library Membership","owner":"Administrator","creation":"2025-02-23 23:31:29.233582","modified":"2025-02-23 23:31:29.233582","modified_by":"Administrator","docstatus":0,"idx":0,"read_only":0,"in_create":0,"naming_rule":"Expression (old style)","allow_rename":1,"module":"Library Management","is_submittable":1,"istable":0,"issingle":0,"is_tree":0,"is_calendar_and_gantt":0,"editable_grid":0,"quick_entry":0,"track_changes":0,"track_seen":0,"track_views":0,"custom":0,"beta":0,"is_virtual":0,"queue_in_background":0,"max_attachments":0,"hide_toolbar":0,"allow_copy":0,"allow_import":0,"allow_events_in_timeline":0,"allow_auto_repeat":0,"make_attachments_public":0,"show_title_field_in_link":1,"translated_doctype":0,"sort_field":"creation","sort_order":"DESC","force_re_route_to_default_view":0,"document_type":"","show_preview_popup":0,"show_name_in_global_search":0,"email_append_to":0,"has_web_view":0,"allow_guest_to_view":0,"index_web_pages_for_search":1,"engine":"InnoDB","doctype":"DocType","states":[],"permissions":[{"name":"4jc6d0s7dc","owner":"Administrator","creation":"2025-02-23 23:31:29.233582","modified":"2025-02-23 23:31:29.233582","modified_by":"Administrator","docstatus":0,"idx":1,"role":"System Manager","if_owner":0,"permlevel":0,"select":0,"read":1,"write":1,"create":1,"delete":1,"submit":0,"cancel":0,"amend":0,"report":1,"export":1,"import":0,"share":1,"print":1,"email":1,"parent":"Library Membership","parentfield":"permissions","parenttype":"DocType","doctype":"DocPerm"},{"docstatus":0,"doctype":"DocPerm","name":"new-docperm-heqinvrnyv","__islocal":1,"__unsaved":1,"owner":"Administrator","if_owner":0,"permlevel":0,"select":0,"read":1,"write":1,"create":1,"delete":1,"submit":0,"cancel":0,"amend":0,"report":1,"export":1,"import":0,"share":1,"print":1,"email":1,"parent":"Library Membership","parentfield":"permissions","parenttype":"DocType","idx":2,"__unedited":false,"role":"Library Member"},{"docstatus":0,"doctype":"DocPerm","name":"new-docperm-ljnuvjkmon","__islocal":1,"__unsaved":1,"owner":"Administrator","if_owner":0,"permlevel":0,"select":0,"read":1,"write":1,"create":1,"delete":1,"submit":0,"cancel":0,"amend":0,"report":1,"export":1,"import":0,"share":1,"print":1,"email":1,"parent":"Library Membership","parentfield":"permissions","parenttype":"DocType","idx":3,"__unedited":false,"role":"Labrian"}],"fields":[{"docstatus":0,"doctype":"DocField","name":"new-docfield-fapkfereoa","__islocal":1,"__unsaved":1,"owner":"Administrator","fieldtype":"Link","precision":"","non_negative":0,"hide_days":0,"hide_seconds":0,"reqd":1,"is_virtual":0,"search_index":0,"not_nullable":0,"sort_options":0,"show_dashboard":0,"fetch_if_empty":0,"hidden":0,"show_on_timeline":0,"bold":0,"allow_in_quick_entry":0,"translatable":0,"print_hide":0,"print_hide_if_no_value":0,"report_hide":0,"collapsible":0,"hide_border":0,"in_list_view":0,"in_standard_filter":0,"in_preview":0,"sticky":0,"in_filter":0,"in_global_search":0,"read_only":0,"allow_on_submit":0,"ignore_user_permissions":0,"allow_bulk_edit":0,"make_attachment_public":0,"permlevel":0,"ignore_xss_filter":0,"unique":0,"no_copy":0,"set_only_once":0,"remember_last_selected_value":0,"parent":"Library Membership","parentfield":"fields","parenttype":"DocType","idx":1,"__unedited":false,"label":"Library Member","options":"Library Member"},{"docstatus":0,"doctype":"DocField","name":"new-docfield-nijcwlonjx","__islocal":1,"__unsaved":1,"owner":"Administrator","fieldtype":"Data","precision":"","non_negative":0,"hide_days":0,"hide_seconds":0,"reqd":0,"is_virtual":0,"search_index":0,"not_nullable":0,"sort_options":0,"show_dashboard":0,"fetch_if_empty":0,"hidden":0,"show_on_timeline":0,"bold":0,"allow_in_quick_entry":0,"translatable":0,"print_hide":0,"print_hide_if_no_value":0,"report_hide":0,"collapsible":0,"hide_border":0,"in_list_view":0,"in_standard_filter":0,"in_preview":0,"sticky":0,"in_filter":0,"in_global_search":0,"read_only":1,"allow_on_submit":0,"ignore_user_permissions":0,"allow_bulk_edit":0,"make_attachment_public":0,"permlevel":0,"ignore_xss_filter":0,"unique":0,"no_copy":0,"set_only_once":0,"remember_last_selected_value":0,"parent":"Library Membership","parentfield":"fields","parenttype":"DocType","idx":2,"__unedited":false,"label":"Full Name","__checked":0,"fieldname":"","link_filters":"","default":"\\n","fetch_from":""},{"docstatus":0,"doctype":"DocField","name":"new-docfield-ehwxnmketw","__islocal":1,"__unsaved":1,"owner":"Administrator","fieldtype":"Date","precision":"","non_negative":0,"hide_days":0,"hide_seconds":0,"reqd":0,"is_virtual":0,"search_index":0,"not_nullable":0,"sort_options":0,"show_dashboard":0,"fetch_if_empty":0,"hidden":0,"show_on_timeline":0,"bold":0,"allow_in_quick_entry":0,"translatable":0,"print_hide":0,"print_hide_if_no_value":0,"report_hide":0,"collapsible":0,"hide_border":0,"in_list_view":0,"in_standard_filter":0,"in_preview":0,"sticky":0,"in_filter":0,"in_global_search":0,"read_only":0,"allow_on_submit":0,"ignore_user_permissions":0,"allow_bulk_edit":0,"make_attachment_public":0,"permlevel":0,"ignore_xss_filter":0,"unique":0,"no_copy":0,"set_only_once":0,"remember_last_selected_value":0,"parent":"Library Membership","parentfield":"fields","parenttype":"DocType","idx":3,"__unedited":false,"label":"From Date"},{"docstatus":0,"doctype":"DocField","name":"new-docfield-vwsmkmzbvp","__islocal":1,"__unsaved":1,"owner":"Administrator","fieldtype":"Date","precision":"","non_negative":0,"hide_days":0,"hide_seconds":0,"reqd":0,"is_virtual":0,"search_index":0,"not_nullable":0,"sort_options":0,"show_dashboard":0,"fetch_if_empty":0,"hidden":0,"show_on_timeline":0,"bold":0,"allow_in_quick_entry":0,"translatable":0,"print_hide":0,"print_hide_if_no_value":0,"report_hide":0,"collapsible":0,"hide_border":0,"in_list_view":0,"in_standard_filter":0,"in_preview":0,"sticky":0,"in_filter":0,"in_global_search":0,"read_only":0,"allow_on_submit":0,"ignore_user_permissions":0,"allow_bulk_edit":0,"make_attachment_public":0,"permlevel":0,"ignore_xss_filter":0,"unique":0,"no_copy":0,"set_only_once":0,"remember_last_selected_value":0,"parent":"Library Membership","parentfield":"fields","parenttype":"DocType","idx":4,"__unedited":false,"label":"To Date"},{"docstatus":0,"doctype":"DocField","name":"new-docfield-nrerwwaszd","__islocal":1,"__unsaved":1,"owner":"Administrator","fieldtype":"Check","precision":"","non_negative":0,"hide_days":0,"hide_seconds":0,"reqd":0,"is_virtual":0,"search_index":0,"not_nullable":0,"sort_options":0,"show_dashboard":0,"fetch_if_empty":0,"hidden":0,"show_on_timeline":0,"bold":0,"allow_in_quick_entry":0,"translatable":0,"print_hide":0,"print_hide_if_no_value":0,"report_hide":0,"collapsible":0,"hide_border":0,"in_list_view":0,"in_standard_filter":0,"in_preview":0,"sticky":0,"in_filter":0,"in_global_search":0,"read_only":0,"allow_on_submit":0,"ignore_user_permissions":0,"allow_bulk_edit":0,"make_attachment_public":0,"permlevel":0,"ignore_xss_filter":0,"unique":0,"no_copy":0,"set_only_once":0,"remember_last_selected_value":0,"parent":"Library Membership","parentfield":"fields","parenttype":"DocType","idx":5,"__unedited":false,"label":"Paid"}],"actions":[],"links":[{"docstatus":0,"doctype":"DocType Link","name":"new-doctype-link-mqxmrezhsd","__islocal":1,"__unsaved":1,"owner":"Administrator","hidden":0,"is_child_table":0,"custom":0,"parent":"Library Membership","parentfield":"links","parenttype":"DocType","idx":1,"__unedited":false,"link_doctype":"Library Member","link_fieldname":"full_name"}],"__unsaved":1,"autoname":"LMS.#####","search_fields":"full_name","title_field":"full_name"}', 'action': 'Save', 'cmd': 'frappe.desk.form.save.savedocs'}
2025-02-24 00:20:07,140 ERROR frappe New Exception collected in error log
Site: library.localhost
Form Dict: {'doctype': 'Library Membership', 'name': '', 'cmd': 'frappe.realtime.has_permission'}
2025-02-24 00:20:17,604 ERROR frappe New Exception collected in error log
Site: library.localhost
Form Dict: {'doctype': 'DocType', 'name': '', 'cmd': 'frappe.realtime.has_permission'}
2025-02-24 00:25:23,055 ERROR frappe New Exception collected in error log
Site: library.localhost
Form Dict: {'doc': '{"name":"Library Membership","owner":"Administrator","creation":"2025-02-23 23:31:29.233582","modified":"2025-02-23 23:31:29.233582","modified_by":"Administrator","docstatus":0,"idx":0,"read_only":0,"in_create":0,"naming_rule":"","allow_rename":1,"module":"Library Management","is_submittable":1,"istable":0,"issingle":0,"is_tree":0,"is_calendar_and_gantt":0,"editable_grid":0,"quick_entry":0,"track_changes":0,"track_seen":0,"track_views":0,"custom":0,"beta":0,"is_virtual":0,"queue_in_background":0,"max_attachments":0,"hide_toolbar":0,"allow_copy":0,"allow_import":0,"allow_events_in_timeline":0,"allow_auto_repeat":0,"make_attachments_public":0,"show_title_field_in_link":0,"translated_doctype":0,"sort_field":"creation","sort_order":"DESC","force_re_route_to_default_view":0,"document_type":"","show_preview_popup":0,"show_name_in_global_search":0,"email_append_to":0,"has_web_view":0,"allow_guest_to_view":0,"index_web_pages_for_search":1,"engine":"InnoDB","doctype":"DocType","states":[],"permissions":[{"name":"4jc6d0s7dc","owner":"Administrator","creation":"2025-02-23 23:31:29.233582","modified":"2025-02-23 23:31:29.233582","modified_by":"Administrator","docstatus":0,"idx":1,"role":"System Manager","if_owner":0,"permlevel":0,"select":0,"read":1,"write":1,"create":1,"delete":1,"submit":0,"cancel":0,"amend":0,"report":1,"export":1,"import":0,"share":1,"print":1,"email":1,"parent":"Library Membership","parentfield":"permissions","parenttype":"DocType","doctype":"DocPerm"}],"fields":[{"docstatus":0,"doctype":"DocField","name":"new-docfield-umncxeulis","__islocal":1,"__unsaved":1,"owner":"Administrator","fieldtype":"Section Break","precision":"","non_negative":0,"hide_days":0,"hide_seconds":0,"reqd":0,"is_virtual":0,"search_index":0,"not_nullable":0,"sort_options":0,"show_dashboard":0,"fetch_if_empty":0,"hidden":0,"show_on_timeline":0,"bold":0,"allow_in_quick_entry":0,"translatable":0,"print_hide":0,"print_hide_if_no_value":0,"report_hide":0,"collapsible":0,"hide_border":0,"in_list_view":0,"in_standard_filter":0,"in_preview":0,"sticky":0,"in_filter":0,"in_global_search":0,"read_only":0,"allow_on_submit":0,"ignore_user_permissions":0,"allow_bulk_edit":0,"make_attachment_public":0,"permlevel":0,"ignore_xss_filter":0,"unique":0,"no_copy":0,"set_only_once":0,"remember_last_selected_value":0,"parent":"Library Membership","parentfield":"fields","parenttype":"DocType","idx":1,"__run_link_triggers":1,"fieldname":"library_membership_section","label":"Library Membership"},{"docstatus":0,"doctype":"DocField","name":"new-docfield-bixywrdfig","__islocal":1,"__unsaved":1,"owner":"Administrator","fieldtype":"Data","precision":"","non_negative":0,"hide_days":0,"hide_seconds":0,"reqd":0,"is_virtual":0,"search_index":0,"not_nullable":0,"sort_options":0,"show_dashboard":0,"fetch_if_empty":0,"hidden":0,"show_on_timeline":0,"bold":0,"allow_in_quick_entry":0,"translatable":0,"print_hide":0,"print_hide_if_no_value":0,"report_hide":0,"collapsible":0,"hide_border":0,"in_list_view":0,"in_standard_filter":0,"in_preview":0,"sticky":0,"in_filter":0,"in_global_search":0,"read_only":true,"allow_on_submit":0,"ignore_user_permissions":0,"allow_bulk_edit":0,"make_attachment_public":0,"permlevel":0,"ignore_xss_filter":0,"unique":0,"no_copy":0,"set_only_once":0,"remember_last_selected_value":0,"parent":"Library Membership","parentfield":"fields","parenttype":"DocType","idx":2,"__run_link_triggers":1,"fieldname":"library_member","label":"Library Member"},{"docstatus":0,"doctype":"DocField","name":"new-docfield-smvwuxivmf","__islocal":1,"__unsaved":1,"owner":"Administrator","fieldtype":"Date","precision":"","non_negative":0,"hide_days":0,"hide_seconds":0,"reqd":0,"is_virtual":0,"search_index":0,"not_nullable":0,"sort_options":0,"show_dashboard":0,"fetch_if_empty":0,"hidden":0,"show_on_timeline":0,"bold":0,"allow_in_quick_entry":0,"translatable":0,"print_hide":0,"print_hide_if_no_value":0,"report_hide":0,"collapsible":0,"hide_border":0,"in_list_view":0,"in_standard_filter":0,"in_preview":0,"sticky":0,"in_filter":0,"in_global_search":0,"read_only":0,"allow_on_submit":0,"ignore_user_permissions":0,"allow_bulk_edit":0,"make_attachment_public":0,"permlevel":0,"ignore_xss_filter":0,"unique":0,"no_copy":0,"set_only_once":0,"remember_last_selected_value":0,"parent":"Library Membership","parentfield":"fields","parenttype":"DocType","idx":3,"__run_link_triggers":1,"fieldname":"from_date","label":"From Date"},{"docstatus":0,"doctype":"DocField","name":"new-docfield-uulutadlnr","__islocal":1,"__unsaved":1,"owner":"Administrator","fieldtype":"Date","precision":"","non_negative":0,"hide_days":0,"hide_seconds":0,"reqd":0,"is_virtual":0,"search_index":0,"not_nullable":0,"sort_options":0,"show_dashboard":0,"fetch_if_empty":0,"hidden":0,"show_on_timeline":0,"bold":0,"allow_in_quick_entry":0,"translatable":0,"print_hide":0,"print_hide_if_no_value":0,"report_hide":0,"collapsible":0,"hide_border":0,"in_list_view":0,"in_standard_filter":0,"in_preview":0,"sticky":0,"in_filter":0,"in_global_search":0,"read_only":0,"allow_on_submit":0,"ignore_user_permissions":0,"allow_bulk_edit":0,"make_attachment_public":0,"permlevel":0,"ignore_xss_filter":0,"unique":0,"no_copy":0,"set_only_once":0,"remember_last_selected_value":0,"parent":"Library Membership","parentfield":"fields","parenttype":"DocType","idx":4,"__run_link_triggers":1,"fieldname":"to_date","label":"To Date"},{"docstatus":0,"doctype":"DocField","name":"new-docfield-helnfqfljf","__islocal":1,"__unsaved":1,"owner":"Administrator","fieldtype":"Check","precision":"","non_negative":0,"hide_days":0,"hide_seconds":0,"reqd":0,"is_virtual":0,"search_index":0,"not_nullable":0,"sort_options":0,"show_dashboard":0,"fetch_if_empty":0,"hidden":0,"show_on_timeline":0,"bold":0,"allow_in_quick_entry":0,"translatable":0,"print_hide":0,"print_hide_if_no_value":0,"report_hide":0,"collapsible":0,"hide_border":0,"in_list_view":0,"in_standard_filter":0,"in_preview":0,"sticky":0,"in_filter":0,"in_global_search":0,"read_only":0,"allow_on_submit":0,"ignore_user_permissions":0,"allow_bulk_edit":0,"make_attachment_public":0,"permlevel":0,"ignore_xss_filter":0,"unique":0,"no_copy":0,"set_only_once":0,"remember_last_selected_value":0,"parent":"Library Membership","parentfield":"fields","parenttype":"DocType","idx":5,"__run_link_triggers":1,"fieldname":"paid ","label":"Paid "}],"actions":[],"links":[],"__unsaved":1}', 'action': 'Save', 'cmd': 'frappe.desk.form.save.savedocs'}
2025-02-24 00:26:01,070 ERROR frappe New Exception collected in error log
Site: library.localhost
Form Dict: {'doc': '{"name":"Library Membership","owner":"Administrator","creation":"2025-02-23 23:31:29.233582","modified":"2025-02-23 23:31:29.233582","modified_by":"Administrator","docstatus":0,"idx":0,"read_only":0,"in_create":0,"naming_rule":"","allow_rename":1,"module":"Library Management","is_submittable":1,"istable":0,"issingle":0,"is_tree":0,"is_calendar_and_gantt":0,"editable_grid":0,"quick_entry":0,"track_changes":0,"track_seen":0,"track_views":0,"custom":0,"beta":0,"is_virtual":0,"queue_in_background":0,"max_attachments":0,"hide_toolbar":0,"allow_copy":0,"allow_import":0,"allow_events_in_timeline":0,"allow_auto_repeat":0,"make_attachments_public":0,"show_title_field_in_link":0,"translated_doctype":0,"sort_field":"creation","sort_order":"DESC","force_re_route_to_default_view":0,"document_type":"","show_preview_popup":0,"show_name_in_global_search":0,"email_append_to":0,"has_web_view":0,"allow_guest_to_view":0,"index_web_pages_for_search":1,"engine":"InnoDB","doctype":"DocType","states":[],"permissions":[{"name":"4jc6d0s7dc","owner":"Administrator","creation":"2025-02-23 23:31:29.233582","modified":"2025-02-23 23:31:29.233582","modified_by":"Administrator","docstatus":0,"idx":1,"role":"System Manager","if_owner":0,"permlevel":0,"select":0,"read":1,"write":1,"create":1,"delete":1,"submit":0,"cancel":0,"amend":0,"report":1,"export":1,"import":0,"share":1,"print":1,"email":1,"parent":"Library Membership","parentfield":"permissions","parenttype":"DocType","doctype":"DocPerm"}],"fields":[{"docstatus":0,"doctype":"DocField","name":"new-docfield-gcndprouon","__islocal":1,"__unsaved":1,"owner":"Administrator","fieldtype":"Section Break","precision":"","non_negative":0,"hide_days":0,"hide_seconds":0,"reqd":0,"is_virtual":0,"search_index":0,"not_nullable":0,"sort_options":0,"show_dashboard":0,"fetch_if_empty":0,"hidden":0,"show_on_timeline":0,"bold":0,"allow_in_quick_entry":0,"translatable":0,"print_hide":0,"print_hide_if_no_value":0,"report_hide":0,"collapsible":0,"hide_border":0,"in_list_view":0,"in_standard_filter":0,"in_preview":0,"sticky":0,"in_filter":0,"in_global_search":0,"read_only":0,"allow_on_submit":0,"ignore_user_permissions":0,"allow_bulk_edit":0,"make_attachment_public":0,"permlevel":0,"ignore_xss_filter":0,"unique":0,"no_copy":0,"set_only_once":0,"remember_last_selected_value":0,"parent":"Library Membership","parentfield":"fields","parenttype":"DocType","idx":1,"__run_link_triggers":1,"fieldname":"library_membership_section","label":"Library Membership"},{"docstatus":0,"doctype":"DocField","name":"new-docfield-hazahtpobx","__islocal":1,"__unsaved":1,"owner":"Administrator","fieldtype":"Data","precision":"","non_negative":0,"hide_days":0,"hide_seconds":0,"reqd":0,"is_virtual":0,"search_index":0,"not_nullable":0,"sort_options":0,"show_dashboard":0,"fetch_if_empty":0,"hidden":0,"show_on_timeline":0,"bold":0,"allow_in_quick_entry":0,"translatable":0,"print_hide":0,"print_hide_if_no_value":0,"report_hide":0,"collapsible":0,"hide_border":0,"in_list_view":0,"in_standard_filter":0,"in_preview":0,"sticky":0,"in_filter":0,"in_global_search":0,"read_only":true,"allow_on_submit":0,"ignore_user_permissions":0,"allow_bulk_edit":0,"make_attachment_public":0,"permlevel":0,"ignore_xss_filter":0,"unique":0,"no_copy":0,"set_only_once":0,"remember_last_selected_value":0,"parent":"Library Membership","parentfield":"fields","parenttype":"DocType","idx":2,"__run_link_triggers":1,"fieldname":"library_member","label":"Library Member"},{"docstatus":0,"doctype":"DocField","name":"new-docfield-vhvkwoknax","__islocal":1,"__unsaved":1,"owner":"Administrator","fieldtype":"Date","precision":"","non_negative":0,"hide_days":0,"hide_seconds":0,"reqd":0,"is_virtual":0,"search_index":0,"not_nullable":0,"sort_options":0,"show_dashboard":0,"fetch_if_empty":0,"hidden":0,"show_on_timeline":0,"bold":0,"allow_in_quick_entry":0,"translatable":0,"print_hide":0,"print_hide_if_no_value":0,"report_hide":0,"collapsible":0,"hide_border":0,"in_list_view":0,"in_standard_filter":0,"in_preview":0,"sticky":0,"in_filter":0,"in_global_search":0,"read_only":0,"allow_on_submit":0,"ignore_user_permissions":0,"allow_bulk_edit":0,"make_attachment_public":0,"permlevel":0,"ignore_xss_filter":0,"unique":0,"no_copy":0,"set_only_once":0,"remember_last_selected_value":0,"parent":"Library Membership","parentfield":"fields","parenttype":"DocType","idx":3,"__run_link_triggers":1,"fieldname":"from_date","label":"From Date"},{"docstatus":0,"doctype":"DocField","name":"new-docfield-zzklrxhpnv","__islocal":1,"__unsaved":1,"owner":"Administrator","fieldtype":"Date","precision":"","non_negative":0,"hide_days":0,"hide_seconds":0,"reqd":0,"is_virtual":0,"search_index":0,"not_nullable":0,"sort_options":0,"show_dashboard":0,"fetch_if_empty":0,"hidden":0,"show_on_timeline":0,"bold":0,"allow_in_quick_entry":0,"translatable":0,"print_hide":0,"print_hide_if_no_value":0,"report_hide":0,"collapsible":0,"hide_border":0,"in_list_view":0,"in_standard_filter":0,"in_preview":0,"sticky":0,"in_filter":0,"in_global_search":0,"read_only":0,"allow_on_submit":0,"ignore_user_permissions":0,"allow_bulk_edit":0,"make_attachment_public":0,"permlevel":0,"ignore_xss_filter":0,"unique":0,"no_copy":0,"set_only_once":0,"remember_last_selected_value":0,"parent":"Library Membership","parentfield":"fields","parenttype":"DocType","idx":4,"__run_link_triggers":1,"fieldname":"to_date","label":"To Date"},{"docstatus":0,"doctype":"DocField","name":"new-docfield-rlkjcovgvz","__islocal":1,"__unsaved":1,"owner":"Administrator","fieldtype":"Check","precision":"","non_negative":0,"hide_days":0,"hide_seconds":0,"reqd":0,"is_virtual":0,"search_index":0,"not_nullable":0,"sort_options":0,"show_dashboard":0,"fetch_if_empty":0,"hidden":0,"show_on_timeline":0,"bold":0,"allow_in_quick_entry":0,"translatable":0,"print_hide":0,"print_hide_if_no_value":0,"report_hide":0,"collapsible":0,"hide_border":0,"in_list_view":0,"in_standard_filter":0,"in_preview":0,"sticky":0,"in_filter":0,"in_global_search":0,"read_only":0,"allow_on_submit":0,"ignore_user_permissions":0,"allow_bulk_edit":0,"make_attachment_public":0,"permlevel":0,"ignore_xss_filter":0,"unique":0,"no_copy":0,"set_only_once":0,"remember_last_selected_value":0,"parent":"Library Membership","parentfield":"fields","parenttype":"DocType","idx":5,"__run_link_triggers":1,"fieldname":"paid ","label":"Paid "}],"actions":[],"links":[],"__unsaved":1}', 'action': 'Save', 'cmd': 'frappe.desk.form.save.savedocs'}
2025-02-24 00:33:10,365 ERROR frappe New Exception collected in error log
Site: library.localhost
Form Dict: {'doctype': 'Library Member', 'name': '', 'cmd': 'frappe.realtime.has_permission'}
2025-02-24 00:33:14,397 ERROR frappe New Exception collected in error log
Site: library.localhost
Form Dict: {'doctype': 'DocType', 'name': '', 'cmd': 'frappe.realtime.has_permission'}
2025-02-24 00:37:26,567 ERROR frappe New Exception collected in error log
Site: library.localhost
Form Dict: {'doctype': 'Library Membership', 'name': '', 'cmd': 'frappe.realtime.has_permission'}
2025-02-24 00:37:56,205 ERROR frappe New Exception collected in error log
Site: library.localhost
Form Dict: {'doctype': 'DocType', 'name': '', 'cmd': 'frappe.realtime.has_permission'}
2025-02-24 00:39:26,893 ERROR frappe New Exception collected in error log
Site: library.localhost
Form Dict: {'doctype': 'DocType', 'name': '', 'cmd': 'frappe.realtime.has_permission'}
2025-02-24 00:42:54,517 ERROR frappe New Exception collected in error log
Site: library.localhost
Form Dict: {'doctype': 'Library Membership', 'name': '', 'cmd': 'frappe.realtime.has_permission'}
2025-02-24 00:55:58,766 ERROR frappe New Exception collected in error log
Site: library.localhost
Form Dict: {'doctype': 'Library Membership', 'name': '', 'cmd': 'frappe.realtime.has_permission'}
2025-02-24 00:56:09,009 ERROR frappe New Exception collected in error log
Site: library.localhost
Form Dict: {'doctype': 'Library Membership', 'name': 'new-library-membership-xigysiargi', 'cmd': 'frappe.realtime.has_permission'}
2025-02-24 00:56:42,410 ERROR frappe New Exception collected in error log
Site: library.localhost
Form Dict: {'doctype': 'Library Membership', 'name': 'new-library-membership-sbyzbpkrob', 'cmd': 'frappe.realtime.has_permission'}
2025-02-24 00:56:57,399 ERROR frappe New Exception collected in error log
Site: library.localhost
Form Dict: {'doc': '{"name":"LMS00003","owner":"Administrator","creation":"2025-02-24 00:56:50.895471","modified":"2025-02-24 00:56:50.895471","modified_by":"Administrator","docstatus":0,"idx":0,"library_member":"p4906l0mtv","full_name":"Nafid","from_date":"2025-02-18","to_date":"2025-02-04","paid":0,"amended_from":null,"doctype":"Library Membership","__last_sync_on":"2025-02-23T18:56:50.980Z"}', 'action': 'Submit', 'cmd': 'frappe.desk.form.save.savedocs'}
2025-02-24 00:57:36,015 ERROR frappe New Exception collected in error log
Site: library.localhost
Form Dict: {'doc': '{"name":"LMS00003","owner":"Administrator","creation":"2025-02-24 00:56:50.895471","modified":"2025-02-24 00:57:31.678880","modified_by":"Administrator","docstatus":0,"idx":0,"library_member":"p4906l0mtv","full_name":"Nafid","from_date":"2025-02-04","to_date":"2025-02-04","paid":0,"doctype":"Library Membership"}', 'action': 'Submit', 'cmd': 'frappe.desk.form.save.savedocs'}
2025-02-24 00:58:29,421 ERROR frappe New Exception collected in error log
Site: library.localhost
Form Dict: {'doc': '{"name":"LMS00003","owner":"Administrator","creation":"2025-02-24 00:56:50.895471","modified":"2025-02-24 00:57:31.678880","modified_by":"Administrator","docstatus":0,"idx":0,"library_member":"p4906l0mtv","full_name":"Nafid","from_date":"2025-02-04","to_date":"2025-02-04","paid":0,"doctype":"Library Membership"}', 'action': 'Submit', 'cmd': 'frappe.desk.form.save.savedocs'}
2025-02-24 00:58:56,295 ERROR frappe New Exception collected in error log
Site: library.localhost
Form Dict: {'doc': '{"name":"LMS00003","owner":"Administrator","creation":"2025-02-24 00:56:50.895471","modified":"2025-02-24 00:57:31.678880","modified_by":"Administrator","docstatus":0,"idx":0,"library_member":"p4906l0mtv","full_name":"Nafid","from_date":"2025-02-04","to_date":"2025-02-04","paid":0,"doctype":"Library Membership"}', 'action': 'Submit', 'cmd': 'frappe.desk.form.save.savedocs'}
2025-02-26 23:15:00,289 ERROR frappe New Exception collected in error log
Site: library.localhost
Form Dict: {'doctype': 'DocType', 'name': '', 'cmd': 'frappe.realtime.has_permission'}
2025-02-26 23:17:22,062 ERROR frappe New Exception collected in error log
Site: library.localhost
Form Dict: {'doctype': 'DocType', 'name': '', 'cmd': 'frappe.realtime.has_permission'}
2025-02-26 23:26:44,622 ERROR frappe New Exception collected in error log
Site: library.localhost
Form Dict: {'doctype': 'DocType', 'name': '', 'cmd': 'frappe.realtime.has_permission'}
2025-02-26 23:28:17,936 ERROR frappe New Exception collected in error log
Site: library.localhost
Form Dict: {'doctype': 'Report', 'name': '', 'cmd': 'frappe.realtime.has_permission'}
2025-02-26 23:28:24,482 ERROR frappe New Exception collected in error log
Site: library.localhost
Form Dict: {'doctype': 'Dashboard', 'name': '', 'cmd': 'frappe.realtime.has_permission'}
2025-02-26 23:28:47,367 ERROR frappe New Exception collected in error log
Site: library.localhost
Form Dict: {'doctype': 'Server Script', 'name': '', 'cmd': 'frappe.realtime.has_permission'}
2025-02-26 23:29:03,610 ERROR frappe New Exception collected in error log
Site: library.localhost
Form Dict: {'doctype': 'DocType', 'name': '', 'cmd': 'frappe.realtime.has_permission'}
2025-02-26 23:32:12,240 ERROR frappe New Exception collected in error log
Site: library.localhost
Form Dict: {'doctype': 'Web Page', 'name': '', 'cmd': 'frappe.realtime.has_permission'}
2025-02-26 23:32:13,285 ERROR frappe New Exception collected in error log
Site: library.localhost
Form Dict: {'doctype': 'Web Form', 'name': '', 'cmd': 'frappe.realtime.has_permission'}
2025-02-26 23:32:40,837 ERROR frappe New Exception collected in error log
Site: library.localhost
Form Dict: {'doctype': 'Webhook', 'name': '', 'cmd': 'frappe.realtime.has_permission'}
2025-02-26 23:33:31,354 ERROR frappe New Exception collected in error log
Site: library.localhost
Form Dict: {'doctype': 'DocType', 'name': '', 'cmd': 'frappe.realtime.has_permission'}
2025-02-26 23:35:22,379 ERROR frappe New Exception collected in error log
Site: library.localhost
Form Dict: {'name': 'library-transaction', 'cmd': 'frappe.desk.desk_page.getpage'}
2025-02-26 23:37:16,785 ERROR frappe New Exception collected in error log
Site: library.localhost
Form Dict: {'doctype': 'DocType', 'name': '', 'cmd': 'frappe.realtime.has_permission'}
2025-02-26 23:39:17,271 ERROR frappe New Exception collected in error log
Site: library.localhost
Form Dict: {'name': 'library-transaction', 'cmd': 'frappe.desk.desk_page.getpage'}
2025-02-26 23:43:22,721 ERROR frappe New Exception collected in error log
Site: library.localhost
Form Dict: {'doctype': 'DocType', 'name': '', 'cmd': 'frappe.realtime.has_permission'}
2025-02-26 23:47:39,308 ERROR frappe New Exception collected in error log
Site: library.localhost
Form Dict: {'doctype': 'DocType', 'name': '', 'cmd': 'frappe.realtime.has_permission'}
2025-02-26 23:47:52,220 ERROR frappe New Exception collected in error log
Site: library.localhost
Form Dict: {'doctype': 'Library Transaction', 'name': '', 'cmd': 'frappe.realtime.has_permission'}
2025-02-26 23:49:18,599 ERROR frappe New Exception collected in error log
Site: library.localhost
Form Dict: {'doctype': 'Library Transaction', 'name': 'new-library-transaction-tiwmylmosc', 'cmd': 'frappe.realtime.has_permission'}
2025-02-26 23:52:32,573 ERROR frappe New Exception collected in error log
Site: library.localhost
Form Dict: {'doctype': 'Library Transaction', 'name': '', 'cmd': 'frappe.realtime.has_permission'}
2025-02-27 00:09:07,442 ERROR frappe New Exception collected in error log
Site: library.localhost
Form Dict: {'doctype': 'Library Transaction', 'name': '', 'cmd': 'frappe.realtime.has_permission'}
2025-02-27 00:22:15,581 ERROR frappe New Exception collected in error log
Site: library.localhost
Form Dict: {'doctype': 'DocType', 'name': '', 'cmd': 'frappe.realtime.has_permission'}
2025-02-27 00:22:39,940 ERROR frappe New Exception collected in error log
Site: library.localhost
Form Dict: {'doctype': 'DocType', 'name': '', 'cmd': 'frappe.realtime.has_permission'}
2025-02-27 00:26:47,799 ERROR frappe New Exception collected in error log
Site: library.localhost
Form Dict: {'doctype': 'DocType', 'name': '', 'cmd': 'frappe.realtime.has_permission'}
2025-02-27 00:27:19,048 ERROR frappe New Exception collected in error log
Site: library.localhost
Form Dict: {'name': 'library-settings', 'cmd': 'frappe.desk.desk_page.getpage'}
2025-02-27 00:27:35,550 ERROR frappe New Exception collected in error log
Site: library.localhost
Form Dict: {'name': 'library-settings', 'cmd': 'frappe.desk.desk_page.getpage'}
2025-02-27 00:27:43,300 ERROR frappe New Exception collected in error log
Site: library.localhost
Form Dict: {'name': 'library-settings', 'cmd': 'frappe.desk.desk_page.getpage'}
2025-02-27 00:27:49,398 ERROR frappe New Exception collected in error log
Site: library.localhost
Form Dict: {'doctype': 'DocType', 'name': '', 'cmd': 'frappe.realtime.has_permission'}
2025-02-27 00:30:36,458 ERROR frappe New Exception collected in error log
Site: library.localhost
Form Dict: {'name': 'library-settings', 'cmd': 'frappe.desk.desk_page.getpage'}
2025-02-27 00:30:40,901 ERROR frappe New Exception collected in error log
Site: library.localhost
Form Dict: {'name': 'library-settings', 'cmd': 'frappe.desk.desk_page.getpage'}
2025-02-27 00:30:53,692 ERROR frappe New Exception collected in error log
Site: library.localhost
Form Dict: {'name': 'library-settings', 'cmd': 'frappe.desk.desk_page.getpage'}
2025-02-27 00:30:58,624 ERROR frappe New Exception collected in error log
Site: library.localhost
Form Dict: {'name': 'library-settings', 'cmd': 'frappe.desk.desk_page.getpage'}
2025-02-27 00:31:00,660 ERROR frappe New Exception collected in error log
Site: library.localhost
Form Dict: {'name': 'library-settings', 'cmd': 'frappe.desk.desk_page.getpage'}
2025-02-27 00:31:08,406 ERROR frappe New Exception collected in error log
Site: library.localhost
Form Dict: {'name': 'library-settings', 'cmd': 'frappe.desk.desk_page.getpage'}
2025-02-27 00:32:45,239 ERROR frappe New Exception collected in error log
Site: library.localhost
Form Dict: {'name': 'library-settings', 'cmd': 'frappe.desk.desk_page.getpage'}
2025-02-27 00:33:06,638 ERROR frappe New Exception collected in error log
Site: library.localhost
Form Dict: {'doctype': 'DocType', 'name': '', 'cmd': 'frappe.realtime.has_permission'}
2025-02-27 00:33:11,158 ERROR frappe New Exception collected in error log
Site: library.localhost
Form Dict: {'name': 'library-settings', 'cmd': 'frappe.desk.desk_page.getpage'}
2025-02-27 00:46:24,107 ERROR frappe New Exception collected in error log
Site: library.localhost
Form Dict: {'doctype': 'Library Membership', 'name': '', 'cmd': 'frappe.realtime.has_permission'}
2025-02-27 00:46:30,930 ERROR frappe New Exception collected in error log
Site: library.localhost
Form Dict: {'doctype': 'DocType', 'name': '', 'cmd': 'frappe.realtime.has_permission'}
2025-02-27 00:46:46,160 ERROR frappe New Exception collected in error log
Site: library.localhost
Form Dict: {'doctype': 'Library Member', 'name': '', 'cmd': 'frappe.realtime.has_permission'}
2025-02-27 00:51:21,095 ERROR frappe New Exception collected in error log
Site: library.localhost
Form Dict: {'doctype': 'DocType', 'name': '', 'cmd': 'frappe.realtime.has_permission'}
